{"numTotalTestSuites":3,"numPassedTestSuites":3,"numFailedTestSuites":0,"numPendingTestSuites":0,"numTotalTests":0,"numPassedTests":0,"numFailedTests":0,"numPendingTests":0,"numTodoTests":0,"snapshot":{"added":0,"failure":false,"filesAdded":0,"filesRemoved":0,"filesRemovedList":[],"filesUnmatched":0,"filesUpdated":0,"matched":0,"total":0,"unchecked":0,"uncheckedKeysByFile":[],"unmatched":0,"updated":0,"didUpdate":false},"startTime":1759203254562,"success":true,"testResults":[{"assertionResults":[],"startTime":1759203254562,"endTime":1759203254562,"status":"passed","message":"","name":"/home/runner/work/A1Lifter/A1Lifter/a1lifter-admin/src/components/__tests__/Button.test.tsx"},{"assertionResults":[],"startTime":1759203254562,"endTime":1759203254562,"status":"passed","message":"","name":"/home/runner/work/A1Lifter/A1Lifter/a1lifter-admin/src/hooks/__tests__/useRealTimeEvent.test.ts"},{"assertionResults":[],"startTime":1759203254562,"endTime":1759203254562,"status":"passed","message":"","name":"/home/runner/work/A1Lifter/A1Lifter/a1lifter-admin/src/domain/plugins/__tests__/PowerliftingPlugin.test.ts"}]}