{"numTotalTestSuites":9,"numPassedTestSuites":9,"numFailedTestSuites":0,"numPendingTestSuites":0,"numTotalTests":17,"numPassedTests":17,"numFailedTests":0,"numPendingTests":0,"numTodoTests":0,"snapshot":{"added":0,"failure":false,"filesAdded":0,"filesRemoved":0,"filesRemovedList":[],"filesUnmatched":0,"filesUpdated":0,"matched":0,"total":0,"unchecked":0,"uncheckedKeysByFile":[],"unmatched":0,"updated":0,"didUpdate":false},"startTime":1755430687110,"success":true,"testResults":[{"assertionResults":[{"ancestorTitles":["Button Component"],"fullName":"Button Component renders button with text","status":"passed","title":"renders button with text","duration":33.76633299999992,"failureMessages":[],"location":{"line":6,"column":3},"meta":{}},{"ancestorTitles":["Button Component"],"fullName":"Button Component handles click events","status":"passed","title":"handles click events","duration":4.042832999999973,"failureMessages":[],"location":{"line":11,"column":3},"meta":{}},{"ancestorTitles":["Button Component"],"fullName":"Button Component applies variant classes correctly","status":"passed","title":"applies variant classes correctly","duration":3.1367500000000064,"failureMessages":[],"location":{"line":19,"column":3},"meta":{}},{"ancestorTitles":["Button Component"],"fullName":"Button Component applies size classes correctly","status":"passed","title":"applies size classes correctly","duration":2.6059589999999844,"failureMessages":[],"location":{"line":25,"column":3},"meta":{}},{"ancestorTitles":["Button Component"],"fullName":"Button Component is disabled when disabled prop is true","status":"passed","title":"is disabled when disabled prop is true","duration":2.4672500000000355,"failureMessages":[],"location":{"line":31,"column":3},"meta":{}},{"ancestorTitles":["Button Component"],"fullName":"Button Component renders as child component when asChild is true","status":"passed","title":"renders as child component when asChild is true","duration":3.9732500000000073,"failureMessages":[],"location":{"line":38,"column":3},"meta":{}}],"startTime":1755430687690,"endTime":1755430687739.9731,"status":"passed","message":"","name":"/Users/giulioleone/Sviluppo/A1Lifter/a1lifter-admin/src/components/__tests__/Button.test.tsx"},{"assertionResults":[{"ancestorTitles":["useRealTimeEvent Hook"],"fullName":"useRealTimeEvent Hook returns initial loading state","status":"passed","title":"returns initial loading state","duration":5.266124999999988,"failureMessages":[],"location":{"line":36,"column":3},"meta":{}},{"ancestorTitles":["useRealTimeEvent Hook"],"fullName":"useRealTimeEvent Hook can be called with different event IDs","status":"passed","title":"can be called with different event IDs","duration":1.2361669999999094,"failureMessages":[],"location":{"line":46,"column":3},"meta":{}},{"ancestorTitles":["useRealTimeEvent Hook"],"fullName":"useRealTimeEvent Hook returns consistent structure","status":"passed","title":"returns consistent structure","duration":0.6924579999999878,"failureMessages":[],"location":{"line":54,"column":3},"meta":{}}],"startTime":1755430687680,"endTime":1755430687686.6924,"status":"passed","message":"","name":"/Users/giulioleone/Sviluppo/A1Lifter/a1lifter-admin/src/hooks/__tests__/useRealTimeEvent.test.ts"},{"assertionResults":[{"ancestorTitles":["PowerliftingPlugin","validateAttempt"],"fullName":"PowerliftingPlugin validateAttempt validates successful squat attempt","status":"passed","title":"validates successful squat attempt","duration":0.5745839999999589,"failureMessages":[],"location":{"line":23,"column":5},"meta":{}},{"ancestorTitles":["PowerliftingPlugin","validateAttempt"],"fullName":"PowerliftingPlugin validateAttempt validates failed attempt with majority red lights","status":"passed","title":"validates failed attempt with majority red lights","duration":0.16599999999993997,"failureMessages":[],"location":{"line":41,"column":5},"meta":{}},{"ancestorTitles":["PowerliftingPlugin","validateAttempt"],"fullName":"PowerliftingPlugin validateAttempt validates weight progression rules","status":"passed","title":"validates weight progression rules","duration":0.1760829999999487,"failureMessages":[],"location":{"line":59,"column":5},"meta":{}},{"ancestorTitles":["PowerliftingPlugin","validateAttempt"],"fullName":"PowerliftingPlugin validateAttempt allows same weight after failed attempt","status":"passed","title":"allows same weight after failed attempt","duration":0.08366699999999128,"failureMessages":[],"location":{"line":89,"column":5},"meta":{}},{"ancestorTitles":["PowerliftingPlugin","calculateScore"],"fullName":"PowerliftingPlugin calculateScore calculates total score for all three disciplines","status":"passed","title":"calculates total score for all three disciplines","duration":0.20741599999996652,"failureMessages":[],"location":{"line":121,"column":5},"meta":{}},{"ancestorTitles":["PowerliftingPlugin","calculateScore"],"fullName":"PowerliftingPlugin calculateScore returns zero for disciplines with no successful attempts","status":"passed","title":"returns zero for disciplines with no successful attempts","duration":0.1554159999999456,"failureMessages":[],"location":{"line":179,"column":5},"meta":{}},{"ancestorTitles":["PowerliftingPlugin","getAttemptOrder"],"fullName":"PowerliftingPlugin getAttemptOrder orders attempts by weight ascending","status":"passed","title":"orders attempts by weight ascending","duration":0.09891700000002857,"failureMessages":[],"location":{"line":201,"column":5},"meta":{}},{"ancestorTitles":["PowerliftingPlugin","getAttemptOrder"],"fullName":"PowerliftingPlugin getAttemptOrder prioritizes lower attempt numbers for same weight","status":"passed","title":"prioritizes lower attempt numbers for same weight","duration":0.05941599999994196,"failureMessages":[],"location":{"line":244,"column":5},"meta":{}}],"startTime":1755430687645,"endTime":1755430687646.2075,"status":"passed","message":"","name":"/Users/giulioleone/Sviluppo/A1Lifter/a1lifter-admin/src/domain/plugins/__tests__/PowerliftingPlugin.test.ts"}]}